<?xml version="1.0" encoding="UTF-8"?>
<!-- Generated by org.testng.reporters.JUnitReportReporter -->
<testsuite hostname="DESKTOP-IRS3JOK" failures="0" tests="2" name="com.testcases.InventoryTest" time="86.316" errors="0" timestamp="2023-10-26T11:30:33 IST" skipped="0">
  <testcase classname="com.testcases.InventoryTest" name="addProduct" time="43.047"/>
  <testcase classname="com.testcases.InventoryTest" name="addProduct" time="43.269"/>
</testsuite> <!-- com.testcases.InventoryTest -->
