<?xml version="1.0" encoding="UTF-8"?>
<!-- Generated by org.testng.reporters.JUnitReportReporter -->
<testsuite hostname="Enterprises" failures="0" tests="1" name="com.testcases.LoginTest" time="7.896" errors="0" timestamp="2023-11-02T17:00:12 IST" skipped="0">
  <testcase classname="com.testcases.LoginTest" name="Verifylogin" time="7.896"/>
  <system-out/>
</testsuite> <!-- com.testcases.LoginTest -->
