<?xml version="1.0" encoding="UTF-8"?>
<!-- Generated by org.testng.reporters.JUnitReportReporter -->
<testsuite hostname="Enterprises" failures="0" tests="1" name="com.testcases.UsertypeTest" time="15.094" errors="0" timestamp="2023-11-01T19:58:30 IST" skipped="0">
  <testcase classname="com.testcases.UsertypeTest" name="edituser" time="15.094"/>
  <system-out/>
</testsuite> <!-- com.testcases.UsertypeTest -->
