<?xml version="1.0" encoding="UTF-8"?>
<!-- Generated by org.testng.reporters.JUnitReportReporter -->
<testsuite hostname="DESKTOP-IRS3JOK" failures="0" tests="1" name="com.testcases.LoginTest" time="12.302" errors="0" timestamp="2023-10-18T16:08:18 IST" skipped="0">
  <testcase classname="com.testcases.LoginTest" name="Verifylogin" time="12.302"/>
</testsuite> <!-- com.testcases.LoginTest -->
