<?xml version="1.0" encoding="UTF-8"?>
<!-- Generated by org.testng.reporters.JUnitReportReporter -->
<testsuite hostname="DESKTOP-IRS3JOK" failures="0" tests="1" name="com.testcases.InventoryTest" time="36.577" errors="0" timestamp="2023-10-25T16:13:32 IST" skipped="0">
  <testcase classname="com.testcases.InventoryTest" name="addProduct" time="36.577"/>
</testsuite> <!-- com.testcases.InventoryTest -->
