<?xml version="1.0" encoding="UTF-8"?>
<!-- Generated by org.testng.reporters.JUnitReportReporter -->
<testsuite hostname="Enterprises" failures="0" tests="1" name="com.testcases.InventoryTest" time="32.092" errors="0" timestamp="2023-11-01T15:54:39 IST" skipped="0">
  <testcase classname="com.testcases.InventoryTest" name="addProduct" time="32.092"/>
  <system-out/>
</testsuite> <!-- com.testcases.InventoryTest -->
