<?xml version="1.0" encoding="UTF-8"?>
<!-- Generated by org.testng.reporters.JUnitReportReporter -->
 
<testsuite hostname="Enterprises" failures="0" tests="2" name="com.testcases.UserTypeTest" time="20.492" errors="0" timestamp="2023-11-02T11:25:29 IST" skipped="0">
  <testcase classname="com.testcases.UserTypeTest" name="adduser" time="8.599"/>
  <system-out/>
  <testcase classname="com.testcases.UserTypeTest" name="edituser" time="11.893"/>
 
<testsuite hostname="Enterprises" failures="0" tests="1" name="com.testcases.UserTypeTest" time="13.742" errors="0" timestamp="2023-11-02T09:29:40 IST" skipped="0">
  <testcase classname="com.testcases.UserTypeTest" name="edituser" time="13.742"/>
 
  <system-out/>
</testsuite> <!-- com.testcases.UserTypeTest -->
