<?xml version="1.0" encoding="UTF-8"?>
<!-- Generated by org.testng.reporters.JUnitReportReporter -->
<testsuite hostname="Enterprises" failures="0" tests="4" name="com.testcases.CustomerTest" time="48.600" errors="0" timestamp="2023-11-03T14:27:10 IST" skipped="0">
  <testcase classname="com.testcases.CustomerTest" name="addcustomer" time="13.576"/>
  <system-out/>
  <testcase classname="com.testcases.CustomerTest" name="editcustomer" time="13.467"/>
  <system-out/>
  <testcase classname="com.testcases.CustomerTest" name="deletecustomer" time="10.884"/>
  <system-out/>
  <testcase classname="com.testcases.CustomerTest" name="verify" time="10.673"/>
  <system-out/>
</testsuite> <!-- com.testcases.CustomerTest -->
