<?xml version="1.0" encoding="UTF-8"?>
<!-- Generated by org.testng.reporters.JUnitReportReporter -->
<testsuite hostname="Enterprises" failures="0" tests="1" name="com.testcases.InventoryTest" time="23.360" errors="0" timestamp="2023-11-03T09:55:30 IST" skipped="0">
  <testcase classname="com.testcases.InventoryTest" name="addProduct" time="23.360"/>
  <system-out/>
</testsuite> <!-- com.testcases.InventoryTest -->
