<?xml version="1.0" encoding="UTF-8"?>
<!-- Generated by org.testng.reporters.JUnitReportReporter -->
<testsuite hostname="Enterprises" failures="0" tests="2" name="com.testcases.MovestockTest" time="17.787" errors="0" timestamp="2023-11-02T11:50:06 IST" skipped="0">
  <testcase classname="com.testcases.MovestockTest" name="warehouseToshowroom" time="8.530"/>
  <system-out/>
  <testcase classname="com.testcases.MovestockTest" name="showroomtowarehouse" time="9.257"/>
  <system-out/>
</testsuite> <!-- com.testcases.MovestockTest -->
