<?xml version="1.0" encoding="UTF-8"?>
<!-- Generated by org.testng.reporters.JUnitReportReporter -->
<testsuite hostname="Enterprises" failures="0" tests="2" name="com.testcases.MovetostockTest" time="18.843" errors="0" timestamp="2023-11-02T10:58:42 IST" skipped="0">
  <testcase classname="com.testcases.MovetostockTest" name="warehouseToshowroom" time="9.126"/>
  <system-out/>
  <testcase classname="com.testcases.MovetostockTest" name="showroomtowarehouse" time="9.717"/>
  <system-out/>
</testsuite> <!-- com.testcases.MovetostockTest -->
