<?xml version="1.0" encoding="UTF-8"?>
<!-- Generated by org.testng.reporters.JUnitReportReporter -->
<testsuite hostname="Enterprises" failures="0" tests="4" name="com.testcases.HolidaysTest" time="55.056" errors="0" timestamp="2023-11-06T14:49:02 IST" skipped="0">
  <testcase classname="com.testcases.HolidaysTest" name="addholiday" time="8.761"/>
  <system-out/>
  <testcase classname="com.testcases.HolidaysTest" name="editholiday" time="13.225"/>
  <system-out/>
  <testcase classname="com.testcases.HolidaysTest" name="deleteholiday" time="10.094"/>
  <system-out/>
  <testcase classname="com.testcases.HolidaysTest" name="verify" time="22.976"/>
  <system-out/>
</testsuite> <!-- com.testcases.HolidaysTest -->
